<?xml version="1.0" encoding="UTF-8"?>
<testng-results ignored="0" total="1" passed="1" failed="0" skipped="0">
  <reporter-output>
  </reporter-output>
  <suite started-at="2024-09-27T15:02:29 CDT" name="Default suite" finished-at="2024-09-27T15:02:45 CDT" duration-ms="16360">
    <groups>
    </groups>
    <test started-at="2024-09-27T15:02:29 CDT" name="Default test" finished-at="2024-09-27T15:02:45 CDT" duration-ms="16360">
      <class name="tests.Tc33343536Randometest">
        <test-method is-config="true" signature="setup()[pri:0, instance:tests.Tc33343536Randometest@5cc69cfe]" started-at="2024-09-27T15:02:28 CDT" name="setup" finished-at="2024-09-27T15:02:29 CDT" duration-ms="286" status="PASS">
          <reporter-output>
          </reporter-output>
        </test-method> <!-- setup -->
        <test-method is-config="true" signature="setup(java.lang.String,java.lang.reflect.Method)[pri:0, instance:tests.Tc33343536Randometest@5cc69cfe]" started-at="2024-09-27T15:02:29 CDT" name="setup" finished-at="2024-09-27T15:02:32 CDT" duration-ms="3220" status="PASS">
          <params>
            <param index="0">
              <value>
                <![CDATA[chrome]]>
              </value>
            </param>
            <param index="1">
              <value>
                <![CDATA[public void tests.Tc33343536Randometest.verifycalendartime() throws java.io.FileNotFoundException,java.io.IOException,java.lang.InterruptedException]]>
              </value>
            </param>
          </params>
          <reporter-output>
          </reporter-output>
        </test-method> <!-- setup -->
        <test-method is-config="true" signature="login()[pri:0, instance:tests.Tc33343536Randometest@5cc69cfe]" started-at="2024-09-27T15:02:32 CDT" name="login" finished-at="2024-09-27T15:02:34 CDT" duration-ms="1591" status="PASS">
          <reporter-output>
          </reporter-output>
        </test-method> <!-- login -->
        <test-method signature="verifycalendartime()[pri:0, instance:tests.Tc33343536Randometest@5cc69cfe]" started-at="2024-09-27T15:02:34 CDT" name="verifycalendartime" finished-at="2024-09-27T15:02:45 CDT" duration-ms="11228" status="PASS">
          <reporter-output>
          </reporter-output>
        </test-method> <!-- verifycalendartime -->
        <test-method is-config="true" signature="tearDown()[pri:0, instance:tests.Tc33343536Randometest@5cc69cfe]" started-at="2024-09-27T15:02:45 CDT" name="tearDown" finished-at="2024-09-27T15:02:45 CDT" duration-ms="266" status="PASS">
          <reporter-output>
          </reporter-output>
        </test-method> <!-- tearDown -->
        <test-method is-config="true" signature="tearDownFinal()[pri:0, instance:tests.Tc33343536Randometest@5cc69cfe]" started-at="2024-09-27T15:02:45 CDT" name="tearDownFinal" finished-at="2024-09-27T15:02:46 CDT" duration-ms="456" status="PASS">
          <reporter-output>
          </reporter-output>
        </test-method> <!-- tearDownFinal -->
      </class> <!-- tests.Tc33343536Randometest -->
    </test> <!-- Default test -->
  </suite> <!-- Default suite -->
</testng-results>
